inner
662544 inner
12800 1.dump
12800 10.dump
12800 2.dump
12800 3.dump
12800 4.dump
12800 5.dump
12800 6.dump
12800 7.dump
12800 8.dump
12800 9.dump
1896435 castle.rm5
9425 credits.itf
43004 e1l01.map
45644 e1l02.map
33495 e1l03.map
70768 e1l04.map
115816 e1l05.map
99811 e1l06.map
81560 e1l07.map
78798 e1l08.map
75031 e1l09.map
76158 eclypse.mod
372 ee1.itf
17565 end-e1.mmp
180 end-e1.rec
3203 end_share.itf
33250 endlvl2.mod
2397 eol1.eol
2756 eol2.eol
2869 eol3.eol
2869 eol4.eol
44718 fantasy4.mod
161270 getin2it.mod
8653 help.itf
66120 hinrg.mod
33716 intro.mmp
325 intro.rec
61144 joyofvic.mod
142 linux.itf
1 linuxbeta.itf
54 nosavedg.itf
3067 ordering.itf
64 rg-start.itf
495 story-e1l01.itf
369 story-e1l02.itf
465 story-e1l03.itf
469 story-e1l04.itf
542 story-e1l05.itf
403 story-e1l06.itf
389 story-e1l07.itf
499 story-e1l08.itf
501 story-e1l09.itf
10822 story.itf
816 sw-start.itf
202918 unplugged.mod
12800 11.dump
12800 12.dump
12800 13.dump
12800 14.dump
12800 15.dump
12800 16.dump
12800 17.dump
12800 18.dump
12800 19.dump
12800 20.dump
61482 e2l01.map
99299 e2l02.map
52585 e2l03.map
40191 e2l04.map
79396 e2l05.map
56194 e2l06.map
90216 e2l07.map
77955 e2l08.map
56740 e2l09.map
328 ee2.itf
246198 endless.mod
104690 explor.mod
164692 inharmon.mod
247184 move6.mod
352444 rain.mod
110852 rainyday.mod
7067 story-e2l01.itf
252 story-e2l02.itf
463 story-e2l03.itf
325 story-e2l04.itf
394 story-e2l05.itf
542 story-e2l06.itf
418 story-e2l07.itf
462 story-e2l08.itf
405 story-e2l09.itf
116056 ttales.mod
303428 wastlnd1.mod
12800 21.dump
12800 22.dump
12800 23.dump
12800 24.dump
12800 25.dump
12800 26.dump
12800 27.dump
12800 28.dump
12800 29.dump
12800 30.dump
340744 badblood.mod
40670 e3l01.map
58470 e3l02.map
86671 e3l03.map
72058 e3l04.map
37369 e3l05.map
68090 e3l06.map
56883 e3l07.map
88139 e3l08.map
146622 e3l09.map
284 ee3.itf
1718 end_game.itf
3339 story-e3l01.itf
375 story-e3l02.itf
506 story-e3l03.itf
263 story-e3l04.itf
407 story-e3l05.itf
449 story-e3l06.itf
211 story-e3l07.itf
428 story-e3l08.itf
339 story-e3l09.itf
50 gamesvd.itf
36498 introseq.mmp
59 nogamesv.itf
270 restart.itf
14122 title.mmp
39160 00worlda.bin
21612 01worldb.bin
10400 02worldc.bin
117844 03worldd.bin
13760 04worlde.bin
17568 05worldf.bin
14536 06things.bin
2080 07rocks.bin
14984 08dirt.bin
25540 09smooth.bin
484 10gold.bin
23060 11flgree.bin
7476 12water.bin
3696 13crysta.bin
14612 14plants.bin
10096 15ruins.bin
912 16gems.bin
10116 17grass.bin
4136 18horn.bin
23592 19faces.bin
9600 20door.bin
9804 21bumps.bin
3200 22skulls.bin
9100 23ribs.bin
16340 24gblobs.bin
9336 25brnstn.bin
10600 26rdstks.bin
3476 27oblngs.bin
25480 28jagged.bin
25408 29cstlrk.bin
16604 30cstlar.bin
36660 31volcrk.bin
20472 32fgrs.bin
6968 33veggie.bin
1544 34thorns.bin
52736 35hrock1.bin
280 36hbone1.bin
37200 37moss.bin
14980 38cstl.bin
10796 39ornate.bin
7228 40junks.bin
13316 41bgtree.bin
13424 42incaro.bin
14416 43hshroo.bin
15588 44cabbag.bin
3564 45brngrs.bin
44716 46horgan.bin
22300 47hiblls.bin
13916 48hlttcw.bin
27144 49hmecha.bin
164852 50tunnel.bin
66400 51tunpcs.bin
23524 52horga2.bin
11052 53blutee.bin
1344 54mus.bin
18024 55crdts.bin
3508 56sky01.bin
37672 57cliffs.bin
20672 58glscty.bin
16644 59keybrd.bin
2176 60nikwnk.bin
808 61misc.bin
13116 62grftti.bin
7556 63machin.bin
51472 64webs.bin
35888 65villag.bin
5392 66arrws.bin
17640 67villar.bin
9668 68door2.bin
115276 69cryrck.bin
115276 70facero.bin
115276 71atlant.bin
24036 72blcks3.bin
16604 73archs3.bin
9600 74door3.bin
2584 75swmsg.bin
2680 76regmsg.bin
25160 arrston1.bin
6184 blabbo.bin
49296 bldstar1.bin
41672 bldstar3.bin
34760 boon_ow1.bin
27976 boon_ow2.bin
93396 boondie.bin
55496 boonroar.bin
60404 bulj.bin
888 default.bin
62000 ep1.bin
63028 ep2.bin
63028 ep3.bin
35788 fonts.bin
24452 g_bgnk00.bin
7588 g_bgnk01.bin
12492 g_bgnk02.bin
68 g_bgnk03.bin
68 g_bgnk04.bin
60328 g_bgnk05.bin
5044 g_bigfly.bin
46264 g_bkdrp.bin
2784 g_bldrs.bin
15776 g_bocha.bin
18928 g_bomb.bin
7424 g_boont1.bin
46964 g_boont2.bin
6560 g_boont3.bin
21020 g_boont4.bin
49764 g_boont5.bin
28952 g_boont6.bin
12948 g_clwarm.bin
48600 g_clwbd2.bin
24332 g_clwhd1.bin
40780 g_clwhd2.bin
19404 g_clwmsc.bin
27316 g_crazys.bin
1800 g_cryham.bin
2488 g_doball.bin
7084 g_elvatr.bin
62000 g_eolbg.bin
216 g_fawna.bin
8216 g_fireba.bin
3304 g_flail.bin
5020 g_fleek.bin
59472 g_fonts2.bin
18328 g_gates.bin
7200 g_gates2.bin
768 g_gembom.bin
676 g_gems.bin
21096 g_ghibli.bin
240 g_graw.bin
64756 g_grlb00.bin
22048 g_grlb01.bin
30580 g_grlb02.bin
27364 g_grlb03.bin
19036 g_grlb04.bin
31084 g_grlb05.bin
1492 g_gshld.bin
30360 g_harpy.bin
5360 g_jewelr.bin
3476 g_junks.bin
12296 g_lava.bin
12680 g_ltng.bin
432 g_lvlcmp.bin
1500 g_mace.bin
1404 g_mana.bin
22312 g_maul1.bin
760 g_minera.bin
3252 g_mintrc.bin
18856 g_misc.bin
24040 g_mlteye.bin
9888 g_owldog.bin
1264 g_portal.bin
6684 g_potion.bin
45272 g_prett2.bin
8084 g_prett3.bin
17420 g_prett4.bin
4056 g_ptrs.bin
50484 g_qsnake.bin
5216 g_roofca.bin
5820 g_scroll.bin
24336 g_seltz.bin
27308 g_slug.bin
11260 g_snark1.bin
9156 g_snark2.bin
1168 g_spike.bin
4176 g_spirit.bin
5044 g_spittr.bin
12864 g_status.bin
6348 g_stngy.bin
1952 g_stunbm.bin
1688 g_sword.bin
39248 g_tarcac.bin
29156 g_tarcsh.bin
192 g_tckbmb.bin
22716 g_torch.bin
3404 g_wands.bin
36056 g_widow1.bin
17860 g_widow2.bin
100 g_wlfeye.bin
13320 g_wndbig.bin
940 g_wndmsc.bin
1988 g_wndtny.bin
23384 g_wolf.bin
22432 g_wolf2.bin
6152 g_wolf3.bin
524 g_zapbox.bin
10332 gag.bin
3760 gfx_arws.bin
860 gfx_bat.bin
5732 gfx_bigbat.bin
24040 gfx_bigeye.bin
4944 gfx_blood.bin
5072 gfx_halo.bin
14624 gfx_jaw.bin
33424 gfx_nik.bin
22388 gfx_nik2.bin
14780 gfx_nik3.bin
8364 gfx_nik4.bin
30068 gfx_nik5.bin
14276 gfx_nik6.bin
17512 gfx_nik7.bin
1100 gfx_nik8.bin
8820 gfx_sign.bin
20412 gfx_skro.bin
3800 gfx_spidey.bin
4352 gfx_thog.bin
3996 gfx_wormhole.bin
110936 gnshield.bin
135444 grlb_die.bin
22960 grlb_ow1.bin
23976 grlb_ow2.bin
16832 grlb_ow3.bin
18352 grunt6.bin
43740 halouch2.bin
60736 jaw_die.bin
25240 jaw_ouch.bin
19548 menus.bin
62000 newtitle.bin
53816 nik_die.bin
44568 nik_die2.bin
22100 ouch7.bin
19052 prettys.bin
50944 s_amulet.bin
2236 s_anvil.bin
27996 s_bats.bin
15536 s_bbat.bin
49800 s_bbtdie.bin
15684 s_bchdie.bin
12156 s_bchrol.bin
3780 s_bdring.bin
42488 s_bgedie.bin
27032 s_bgeow.bin
53596 s_bgfdie.bin
20860 s_bgfow.bin
4288 s_blahup.bin
11604 s_blkjmp.bin
888 s_bloip.bin
2016 s_bngpip.bin
7804 s_boing.bin
18676 s_boing2.bin
8408 s_boing3.bin
54440 s_bomb.bin
16580 s_boulde.bin
4444 s_brlll.bin
25104 s_bvtbvt.bin
43060 s_bzzzz.bin
4452 s_catjum.bin
10732 s_chime.bin
18796 s_clidnk.bin
4716 s_clwcsn.bin
126892 s_clwdie.bin
28216 s_clwhwl.bin
22812 s_clwouc.bin
63008 s_clwwd1.bin
42100 s_clwwd2.bin
66320 s_clwwd3.bin
17292 s_crash.bin
3844 s_crckts.bin
28328 s_cryhtst.bin
13272 s_ctgrwl.bin
25760 s_czbdie.bin
11624 s_czbow.bin
356 s_dok.bin
10576 s_drtsht.bin
4832 s_dunt.bin
4516 s_dweng.bin
12056 s_electr.bin
42192 s_elevdn.bin
41928 s_elevup.bin
12384 s_eyesht.bin
46520 s_fireba.bin
8296 s_frogs.bin
18544 s_gemtng.bin
7788 s_gracho.bin
72488 s_growl1.bin
2668 s_gzzit.bin
24208 s_harpup.bin
60952 s_hive.bin
65376 s_hrpatt.bin
105456 s_hrpdie.bin
30572 s_hrpfly.bin
15008 s_hrpow.bin
8664 s_hrtbt.bin
82972 s_irgate.bin
23056 s_key1.bin
18444 s_krunk.bin
75620 s_lnglng.bin
27128 s_magic.bin
50916 s_menu.bin
14768 s_mmouch.bin
11000 s_mmwalk.bin
18964 s_nikug1.bin
17496 s_nikug2.bin
17200 s_nikug3.bin
16676 s_nikug4.bin
25552 s_nkbrth.bin
6000 s_nkjmp1.bin
22312 s_nkouch.bin
21088 s_nksqui.bin
54756 s_pdlck.bin
1304 s_phffft.bin
58692 s_pickup.bin
8224 s_poboom.bin
388 s_pop.bin
145676 s_portal.bin
15396 s_quish.bin
21728 s_reow.bin
66240 s_reowft.bin
13516 s_reowrr.bin
17296 s_sadsfx.bin
49796 s_scream.bin
31432 s_shkgrw.bin
26728 s_shlirp.bin
86656 s_shlsh.bin
30600 s_sizzle.bin
11088 s_slibdk.bin
21132 s_slith.bin
25112 s_smash.bin
47120 s_smush3.bin
25104 s_smush5.bin
67876 s_snkdie.bin
27652 s_snkow.bin
3220 s_snrkat.bin
6996 s_snrkdi.bin
33256 s_spkdwn.bin
38444 s_spkup.bin
820 s_splat.bin
11628 s_sptch.bin
78864 s_stgate.bin
3324 s_stng01.bin
10936 s_stnger.bin
31744 s_swoosh.bin
29364 s_swstn1.bin
61200 s_swstn2.bin
1464 s_swtch.bin
59204 s_tflap.bin
16280 s_thgsht.bin
26196 s_thudud.bin
18436 s_tickit.bin
46728 s_tpdoor.bin
109956 s_trans2.bin
31632 s_viewch.bin
64016 s_wdbrk.bin
50960 s_wdgate.bin
9028 s_wdwow.bin
8608 s_weet1.bin
2344 s_whip.bin
69532 s_whoosh.bin
26876 s_wlfbt1.bin
31836 s_wlfgr2.bin
31820 s_wlfml2.bin
10384 s_wlfuch.bin
61520 s_woowoo.bin
15804 s_xport.bin
13076 s_yabidl.bin
17988 s_zap.bin
65224 s_zzzack.bin
26520 s_zzzfly.bin
7160 s_zzzhng.bin
11584 s_zzzow.bin
11152 skrg_egg.bin
16720 skul_ow1.bin
22240 skul_ow2.bin
71996 skulldie.bin
19420 snarkow1.bin
20880 snarkow2.bin
54908 spider.bin
1468 star.bin
1088 surficon.bin
15228 swallow1.bin
7180 swing2.bin
91440 thunder.bin
7628 title.bin
36432 zap1.bin
27024 zap3.bin
